2025-08-09 12:40:16.636 | main | INFO | io.prometheus.jmx.JavaAgent | Starting ...
2025-08-09 12:40:16.928 | main | INFO | io.prometheus.jmx.JavaAgent | HTTP enabled [true]
2025-08-09 12:40:16.929 | main | INFO | io.prometheus.jmx.JavaAgent | HTTP host:port [0.0.0.0:8002]
2025-08-09 12:40:16.929 | main | INFO | io.prometheus.jmx.JavaAgent | Starting HTTPServer ...
2025-08-09 12:40:16.974 | main | INFO | io.prometheus.jmx.JavaAgent | HTTPServer started
2025-08-09 12:40:16.974 | main | INFO | io.prometheus.jmx.JavaAgent | OpenTelemetry enabled [false]
2025-08-09 12:40:16.974 | main | INFO | io.prometheus.jmx.JavaAgent | Running ...
time, threadId, data.consumed.in.MB, MB.sec, data.consumed.in.nMsg, nMsg.sec, rebalance.time.ms, fetch.time.ms, fetch.MB.sec, fetch.nMsg.sec
2025-08-09 12:40:24:480, 0, 0.0005, 0.0001, 1, 0.1471, 6651, 147, 0.0032, 6.8027
2025-08-09 12:40:29:481, 0, 55.8472, 11.1671, 117120, 23419.1162, 0, 5001, 11.1671, 23419.1162
2025-08-09 12:40:34:481, 0, 80.1864, 4.8678, 168163, 10208.6000, 0, 5000, 4.8678, 10208.6000
2025-08-09 12:40:39:481, 0, 104.0635, 4.7754, 218237, 10014.8000, 0, 5000, 4.7754, 10014.8000
2025-08-09 12:40:44:482, 0, 127.3661, 4.6596, 267106, 9771.8456, 0, 5001, 4.6596, 9771.8456
2025-08-09 12:40:49:482, 0, 151.3252, 4.7918, 317352, 10049.2000, 0, 5000, 4.7918, 10049.2000
2025-08-09 12:40:54:482, 0, 174.7851, 4.6920, 366551, 9839.8000, 0, 5000, 4.6920, 9839.8000
2025-08-09 12:40:59:482, 0, 199.0047, 4.8439, 417343, 10158.4000, 0, 5000, 4.8439, 10158.4000
2025-08-09 12:41:04:482, 0, 223.0277, 4.8046, 467723, 10076.0000, 0, 5000, 4.8046, 10076.0000
2025-08-09 12:41:09:482, 0, 246.8600, 4.7665, 517703, 9996.0000, 0, 5000, 4.7665, 9996.0000
2025-08-09 12:41:14:482, 0, 270.8793, 4.8038, 568075, 10074.4000, 0, 5000, 4.8038, 10074.4000
2025-08-09 12:41:19:492, 0, 294.6258, 4.7398, 617875, 9940.1198, 0, 5010, 4.7398, 9940.1198
2025-08-09 12:41:24:492, 0, 317.7185, 4.6185, 666304, 9685.8000, 0, 5000, 4.6185, 9685.8000
2025-08-09 12:41:29:492, 0, 341.2547, 4.7072, 715663, 9871.8000, 0, 5000, 4.7072, 9871.8000
2025-08-09 12:41:34:492, 0, 365.0708, 4.7632, 765609, 9989.2000, 0, 5000, 4.7632, 9989.2000
2025-08-09 12:41:39:493, 0, 389.4081, 4.8665, 816648, 10205.7588, 0, 5001, 4.8665, 10205.7588
2025-08-09 12:41:44:493, 0, 413.4393, 4.8062, 867045, 10079.4000, 0, 5000, 4.8062, 10079.4000
2025-08-09 12:41:49:496, 0, 436.8515, 4.6796, 916144, 9813.9117, 0, 5003, 4.6796, 9813.9117
2025-08-09 12:41:54:496, 0, 460.5556, 4.7408, 965855, 9942.2000, 0, 5000, 4.7408, 9942.2000
2025-08-09 12:41:59:497, 0, 483.8915, 4.6663, 1014794, 9785.8428, 0, 5001, 4.6663, 9785.8428
2025-08-09 12:42:04:497, 0, 507.5560, 4.7329, 1064422, 9925.6000, 0, 5000, 4.7329, 9925.6000
2025-08-09 12:42:09:497, 0, 531.2309, 4.7350, 1114072, 9930.0000, 0, 5000, 4.7350, 9930.0000
2025-08-09 12:42:14:497, 0, 554.7156, 4.6969, 1163323, 9850.2000, 0, 5000, 4.6969, 9850.2000
2025-08-09 12:42:19:503, 0, 578.4202, 4.7352, 1213035, 9930.4834, 0, 5006, 4.7352, 9930.4834
2025-08-09 12:42:24:509, 0, 601.6512, 4.6406, 1261754, 9732.1215, 0, 5006, 4.6406, 9732.1215
2025-08-09 12:42:29:509, 0, 625.6118, 4.7921, 1312003, 10049.8000, 0, 5000, 4.7921, 10049.8000
2025-08-09 12:42:34:514, 0, 648.9558, 4.6641, 1360959, 9781.4186, 0, 5005, 4.6641, 9781.4186
2025-08-09 12:42:39:514, 0, 672.4601, 4.7009, 1410251, 9858.4000, 0, 5000, 4.7009, 9858.4000
2025-08-09 12:42:44:515, 0, 696.1780, 4.7426, 1459991, 9946.0108, 0, 5001, 4.7426, 9946.0108
2025-08-09 12:42:49:515, 0, 719.8858, 4.7416, 1509710, 9943.8000, 0, 5000, 4.7416, 9943.8000
2025-08-09 12:42:54:516, 0, 743.2499, 4.6719, 1558708, 9797.6405, 0, 5001, 4.6719, 9797.6405
2025-08-09 12:42:59:517, 0, 766.8877, 4.7266, 1608280, 9912.4175, 0, 5001, 4.7266, 9912.4175
2025-08-09 12:43:04:518, 0, 790.3123, 4.6840, 1657405, 9823.0354, 0, 5001, 4.6840, 9823.0354
2025-08-09 12:43:09:518, 0, 813.5190, 4.6413, 1706073, 9733.6000, 0, 5000, 4.6413, 9733.6000
2025-08-09 12:43:14:524, 0, 837.2383, 4.7382, 1755816, 9936.6760, 0, 5006, 4.7382, 9936.6760
2025-08-09 12:43:19:525, 0, 860.7440, 4.7002, 1805111, 9857.0286, 0, 5001, 4.7002, 9857.0286
2025-08-09 12:43:24:525, 0, 884.1438, 4.6800, 1854184, 9814.6000, 0, 5000, 4.6800, 9814.6000
2025-08-09 12:43:29:532, 0, 907.8255, 4.7297, 1903848, 9918.9135, 0, 5007, 4.7297, 9918.9135
2025-08-09 12:43:34:532, 0, 932.3406, 4.9030, 1955260, 10282.4000, 0, 5000, 4.9030, 10282.4000
2025-08-09 12:43:39:532, 0, 955.7943, 4.6907, 2004446, 9837.2000, 0, 5000, 4.6907, 9837.2000
2025-08-09 12:43:44:532, 0, 979.7807, 4.7973, 2054749, 10060.6000, 0, 5000, 4.7973, 10060.6000
2025-08-09 12:43:49:533, 0, 1003.7813, 4.7992, 2105082, 10064.5871, 0, 5001, 4.7992, 10064.5871
2025-08-09 12:43:54:533, 0, 1027.6132, 4.7664, 2155061, 9995.8000, 0, 5000, 4.7664, 9995.8000
2025-08-09 12:43:59:533, 0, 1050.9791, 4.6732, 2204063, 9800.4000, 0, 5000, 4.6732, 9800.4000
2025-08-09 12:44:04:534, 0, 1074.2760, 4.6584, 2252920, 9769.4461, 0, 5001, 4.6584, 9769.4461
2025-08-09 12:44:09:538, 0, 1097.8680, 4.7146, 2302396, 9887.2902, 0, 5004, 4.7146, 9887.2902
2025-08-09 12:44:14:538, 0, 1122.1042, 4.8472, 2353223, 10165.4000, 0, 5000, 4.8472, 10165.4000
2025-08-09 12:44:19:538, 0, 1145.4573, 4.6706, 2402198, 9795.0000, 0, 5000, 4.6706, 9795.0000
2025-08-09 12:44:24:538, 0, 1169.6434, 4.8372, 2452920, 10144.4000, 0, 5000, 4.8372, 10144.4000
2025-08-09 12:44:29:538, 0, 1194.3913, 4.9496, 2504820, 10380.0000, 0, 5000, 4.9496, 10380.0000
2025-08-09 12:44:34:539, 0, 1218.7958, 4.8799, 2556000, 10233.9532, 0, 5001, 4.8799, 10233.9532
2025-08-09 12:44:39:540, 0, 1242.4207, 4.7240, 2605545, 9907.0186, 0, 5001, 4.7240, 9907.0186
2025-08-09 12:44:44:540, 0, 1265.3017, 4.5762, 2653530, 9597.0000, 0, 5000, 4.5762, 9597.0000
2025-08-09 12:44:49:540, 0, 1289.4139, 4.8224, 2704097, 10113.4000, 0, 5000, 4.8224, 10113.4000
2025-08-09 12:44:54:540, 0, 1314.1680, 4.9508, 2756010, 10382.6000, 0, 5000, 4.9508, 10382.6000
2025-08-09 12:44:59:540, 0, 1338.0432, 4.7750, 2806080, 10014.0000, 0, 5000, 4.7750, 10014.0000
2025-08-09 12:45:04:540, 0, 1361.8851, 4.7684, 2856080, 10000.0000, 0, 5000, 4.7684, 10000.0000
2025-08-09 12:45:09:540, 0, 1385.4122, 4.7054, 2905420, 9868.0000, 0, 5000, 4.7054, 9868.0000
2025-08-09 12:45:14:540, 0, 1409.2951, 4.7766, 2955506, 10017.2000, 0, 5000, 4.7766, 10017.2000
2025-08-09 12:45:19:540, 0, 1433.5771, 4.8564, 3006429, 10184.6000, 0, 5000, 4.8564, 10184.6000
2025-08-09 12:45:24:543, 0, 1456.9354, 4.6689, 3055415, 9791.3252, 0, 5003, 4.6689, 9791.3252
2025-08-09 12:45:29:543, 0, 1480.3843, 4.6898, 3104591, 9835.2000, 0, 5000, 4.6898, 9835.2000
2025-08-09 12:45:34:543, 0, 1504.4212, 4.8074, 3155000, 10081.8000, 0, 5000, 4.8074, 10081.8000
2025-08-09 12:45:39:543, 0, 1527.3123, 4.5782, 3203006, 9601.2000, 0, 5000, 4.5782, 9601.2000
2025-08-09 12:45:44:544, 0, 1551.2810, 4.7928, 3253272, 10051.1898, 0, 5001, 4.7928, 10051.1898
2025-08-09 12:45:49:552, 0, 1574.4820, 4.6328, 3301928, 9715.6550, 0, 5008, 4.6328, 9715.6550
2025-08-09 12:45:54:556, 0, 1598.3496, 4.7697, 3351982, 10002.7978, 0, 5004, 4.7697, 10002.7978
2025-08-09 12:45:59:557, 0, 1622.3803, 4.8052, 3402378, 10077.1846, 0, 5001, 4.8052, 10077.1846
2025-08-09 12:46:04:557, 0, 1645.8216, 4.6883, 3451538, 9832.0000, 0, 5000, 4.6883, 9832.0000
2025-08-09 12:46:09:558, 0, 1669.7965, 4.7940, 3501817, 10053.7892, 0, 5001, 4.7940, 10053.7892
2025-08-09 12:46:14:563, 0, 1693.9301, 4.8219, 3552429, 10112.2877, 0, 5005, 4.8219, 10112.2877
2025-08-09 12:46:19:565, 0, 1717.2971, 4.6715, 3601433, 9796.8812, 0, 5002, 4.6715, 9796.8812
2025-08-09 12:46:24:569, 0, 1740.6182, 4.6605, 3650341, 9773.7810, 0, 5004, 4.6605, 9773.7810
2025-08-09 12:46:29:570, 0, 1765.1043, 4.8962, 3701692, 10268.1464, 0, 5001, 4.8962, 10268.1464
2025-08-09 12:46:34:572, 0, 1788.3401, 4.6453, 3750421, 9741.9032, 0, 5002, 4.6453, 9741.9032
2025-08-09 12:46:39:573, 0, 1812.2649, 4.7840, 3800595, 10032.7934, 0, 5001, 4.7840, 10032.7934
2025-08-09 12:46:44:573, 0, 1836.1292, 4.7729, 3850642, 10009.4000, 0, 5000, 4.7729, 10009.4000
2025-08-09 12:46:49:573, 0, 1860.5180, 4.8778, 3901789, 10229.4000, 0, 5000, 4.8778, 10229.4000
2025-08-09 12:46:54:576, 0, 1884.3508, 4.7637, 3951770, 9990.2059, 0, 5003, 4.7637, 9990.2059
2025-08-09 12:46:59:576, 0, 1907.6042, 4.6507, 4000536, 9753.2000, 0, 5000, 4.6507, 9753.2000
2025-08-09 12:47:04:577, 0, 1931.4241, 4.7630, 4050490, 9988.8022, 0, 5001, 4.7630, 9988.8022
2025-08-09 12:47:09:577, 0, 1955.1187, 4.7389, 4100181, 9938.2000, 0, 5000, 4.7389, 9938.2000
2025-08-09 12:47:14:577, 0, 1978.0841, 4.5931, 4148343, 9632.4000, 0, 5000, 4.5931, 9632.4000
2025-08-09 12:47:19:577, 0, 2001.5802, 4.6992, 4197618, 9855.0000, 0, 5000, 4.6992, 9855.0000
2025-08-09 12:47:24:577, 0, 2024.9557, 4.6751, 4246640, 9804.4000, 0, 5000, 4.6751, 9804.4000
2025-08-09 12:47:29:585, 0, 2049.1028, 4.8217, 4297280, 10111.8211, 0, 5008, 4.8217, 10111.8211
2025-08-09 12:47:34:585, 0, 2072.5889, 4.6972, 4346534, 9850.8000, 0, 5000, 4.6972, 9850.8000
2025-08-09 12:47:39:586, 0, 2095.7437, 4.6300, 4395093, 9709.8580, 0, 5001, 4.6300, 9709.8580
2025-08-09 12:47:44:588, 0, 2118.8407, 4.6176, 4443531, 9683.7265, 0, 5002, 4.6176, 9683.7265
2025-08-09 12:47:49:590, 0, 2142.2162, 4.6732, 4492553, 9800.4798, 0, 5002, 4.6732, 9800.4798
2025-08-09 12:47:54:591, 0, 2166.2259, 4.8010, 4542905, 10068.3863, 0, 5001, 4.8010, 10068.3863
2025-08-09 12:47:59:600, 0, 2189.9638, 4.7391, 4592687, 9938.5107, 0, 5009, 4.7391, 9938.5107
2025-08-09 12:48:04:603, 0, 2214.1356, 4.8315, 4643379, 10132.3206, 0, 5003, 4.8315, 10132.3206
2025-08-09 12:48:09:603, 0, 2238.9936, 4.9716, 4695510, 10426.2000, 0, 5000, 4.9716, 10426.2000
2025-08-09 12:48:14:603, 0, 2262.5861, 4.7185, 4744987, 9895.4000, 0, 5000, 4.7185, 9895.4000
2025-08-09 12:48:19:603, 0, 2286.6745, 4.8177, 4795504, 10103.4000, 0, 5000, 4.8177, 10103.4000
2025-08-09 12:48:24:603, 0, 2310.9117, 4.8474, 4846333, 10165.8000, 0, 5000, 4.8474, 10165.8000
2025-08-09 12:48:29:604, 0, 2335.1684, 4.8504, 4897203, 10171.9656, 0, 5001, 4.8504, 10171.9656
2025-08-09 12:48:34:604, 0, 2357.5492, 4.4762, 4944139, 9387.2000, 0, 5000, 4.4762, 9387.2000
2025-08-09 12:48:39:604, 0, 2381.4964, 4.7894, 4994360, 10044.2000, 0, 5000, 4.7894, 10044.2000
2025-08-09 12:48:44:604, 0, 2404.6988, 4.6405, 5043019, 9731.8000, 0, 5000, 4.6405, 9731.8000
2025-08-09 12:48:49:605, 0, 2428.9241, 4.8441, 5093823, 10158.7682, 0, 5001, 4.8441, 10158.7682
2025-08-09 12:48:54:608, 0, 2452.5070, 4.7138, 5143280, 9885.4687, 0, 5003, 4.7138, 9885.4687
2025-08-09 12:48:59:608, 0, 2476.8062, 4.8598, 5194239, 10191.8000, 0, 5000, 4.8598, 10191.8000
2025-08-09 12:49:04:619, 0, 2500.8707, 4.8023, 5244706, 10071.2433, 0, 5011, 4.8023, 10071.2433
2025-08-09 12:49:09:619, 0, 2525.1226, 4.8504, 5295566, 10172.0000, 0, 5000, 4.8504, 10172.0000
2025-08-09 12:49:14:620, 0, 2549.0050, 4.7755, 5345651, 10014.9970, 0, 5001, 4.7755, 10014.9970
2025-08-09 12:49:19:624, 0, 2572.3782, 4.6709, 5394668, 9795.5635, 0, 5004, 4.6709, 9795.5635
2025-08-09 12:49:24:624, 0, 2596.1981, 4.7640, 5444622, 9990.8000, 0, 5000, 4.7640, 9990.8000
2025-08-09 12:49:29:631, 0, 2619.7157, 4.6969, 5493942, 9850.2097, 0, 5007, 4.6969, 9850.2097
2025-08-09 12:49:34:631, 0, 2643.0459, 4.6660, 5542869, 9785.4000, 0, 5000, 4.6660, 9785.4000
2025-08-09 12:49:39:667, 0, 2667.5372, 4.8632, 5594231, 10198.9674, 0, 5036, 4.8632, 10198.9674
2025-08-09 12:49:44:668, 0, 2691.5097, 4.7935, 5644505, 10052.7894, 0, 5001, 4.7935, 10052.7894
2025-08-09 12:49:49:668, 0, 2715.7488, 4.8478, 5695338, 10166.6000, 0, 5000, 4.8478, 10166.6000
2025-08-09 12:49:54:669, 0, 2739.5163, 4.7525, 5745182, 9966.8066, 0, 5001, 4.7525, 9966.8066
2025-08-09 12:49:59:669, 0, 2763.0444, 4.7056, 5794524, 9868.4000, 0, 5000, 4.7056, 9868.4000
2025-08-09 12:50:04:669, 0, 2786.0618, 4.6035, 5842795, 9654.2000, 0, 5000, 4.6035, 9654.2000
2025-08-09 12:50:09:669, 0, 2810.0376, 4.7952, 5893076, 10056.2000, 0, 5000, 4.7952, 10056.2000
2025-08-09 12:50:14:669, 0, 2834.2333, 4.8391, 5943818, 10148.4000, 0, 5000, 4.8391, 10148.4000

Metric Name                                                                                                              Value
consumer-coordinator-metrics:assigned-partitions:{client-id=perf-consumer-client}                                      : 0.000
consumer-coordinator-metrics:commit-latency-avg:{client-id=perf-consumer-client}                                       : 6.471
consumer-coordinator-metrics:commit-latency-max:{client-id=perf-consumer-client}                                       : 63.000
consumer-coordinator-metrics:commit-rate:{client-id=perf-consumer-client}                                              : 5.002
consumer-coordinator-metrics:commit-total:{client-id=perf-consumer-client}                                             : 2959.000
consumer-coordinator-metrics:failed-rebalance-rate-per-hour:{client-id=perf-consumer-client}                           : 0.000
consumer-coordinator-metrics:failed-rebalance-total:{client-id=perf-consumer-client}                                   : 2.000
consumer-coordinator-metrics:heartbeat-rate:{client-id=perf-consumer-client}                                           : 0.337
consumer-coordinator-metrics:heartbeat-response-time-max:{client-id=perf-consumer-client}                              : 7.000
consumer-coordinator-metrics:heartbeat-total:{client-id=perf-consumer-client}                                          : 197.000
consumer-coordinator-metrics:join-rate:{client-id=perf-consumer-client}                                                : 0.018
consumer-coordinator-metrics:join-time-avg:{client-id=perf-consumer-client}                                            : 4.000
consumer-coordinator-metrics:join-time-max:{client-id=perf-consumer-client}                                            : 4.000
consumer-coordinator-metrics:join-total:{client-id=perf-consumer-client}                                               : 2.000
consumer-coordinator-metrics:last-heartbeat-seconds-ago:{client-id=perf-consumer-client}                               : 2.000
consumer-coordinator-metrics:last-rebalance-seconds-ago:{client-id=perf-consumer-client}                               : 2.000
consumer-coordinator-metrics:partition-assigned-latency-avg:{client-id=perf-consumer-client}                           : 0.000
consumer-coordinator-metrics:partition-assigned-latency-max:{client-id=perf-consumer-client}                           : 0.000
consumer-coordinator-metrics:partition-lost-latency-avg:{client-id=perf-consumer-client}                               : NaN
consumer-coordinator-metrics:partition-lost-latency-max:{client-id=perf-consumer-client}                               : NaN
consumer-coordinator-metrics:partition-revoked-latency-avg:{client-id=perf-consumer-client}                            : 0.000
consumer-coordinator-metrics:partition-revoked-latency-max:{client-id=perf-consumer-client}                            : 0.000
consumer-coordinator-metrics:rebalance-latency-avg:{client-id=perf-consumer-client}                                    : 14.000
consumer-coordinator-metrics:rebalance-latency-max:{client-id=perf-consumer-client}                                    : 14.000
consumer-coordinator-metrics:rebalance-latency-total:{client-id=perf-consumer-client}                                  : 6180.000
consumer-coordinator-metrics:rebalance-rate-per-hour:{client-id=perf-consumer-client}                                  : 66.326
consumer-coordinator-metrics:rebalance-total:{client-id=perf-consumer-client}                                          : 2.000
consumer-coordinator-metrics:sync-rate:{client-id=perf-consumer-client}                                                : 0.018
consumer-coordinator-metrics:sync-time-avg:{client-id=perf-consumer-client}                                            : 7.000
consumer-coordinator-metrics:sync-time-max:{client-id=perf-consumer-client}                                            : 7.000
consumer-coordinator-metrics:sync-total:{client-id=perf-consumer-client}                                               : 2.000
consumer-fetch-manager-metrics:bytes-consumed-rate:{client-id=perf-consumer-client, topic=low-latency}                 : 5244470.690
consumer-fetch-manager-metrics:bytes-consumed-rate:{client-id=perf-consumer-client}                                    : 5230068.462
consumer-fetch-manager-metrics:bytes-consumed-total:{client-id=perf-consumer-client, topic=low-latency}                : 3054007635.000
consumer-fetch-manager-metrics:bytes-consumed-total:{client-id=perf-consumer-client}                                   : 3054007635.000
consumer-fetch-manager-metrics:fetch-latency-avg:{client-id=perf-consumer-client}                                      : 1.518
consumer-fetch-manager-metrics:fetch-latency-max:{client-id=perf-consumer-client}                                      : 67.000
consumer-fetch-manager-metrics:fetch-rate:{client-id=perf-consumer-client}                                             : 612.498
consumer-fetch-manager-metrics:fetch-size-avg:{client-id=perf-consumer-client, topic=low-latency}                      : 9376.969
consumer-fetch-manager-metrics:fetch-size-avg:{client-id=perf-consumer-client}                                         : 9376.477
consumer-fetch-manager-metrics:fetch-size-max:{client-id=perf-consumer-client, topic=low-latency}                      : 1279626.000
consumer-fetch-manager-metrics:fetch-size-max:{client-id=perf-consumer-client}                                         : 1279626.000
consumer-fetch-manager-metrics:fetch-throttle-time-avg:{client-id=perf-consumer-client}                                : 0.000
consumer-fetch-manager-metrics:fetch-throttle-time-max:{client-id=perf-consumer-client}                                : 0.000
consumer-fetch-manager-metrics:fetch-total:{client-id=perf-consumer-client}                                            : 375585.000
consumer-fetch-manager-metrics:preferred-read-replica:{client-id=perf-consumer-client, topic=low-latency, partition=0} : -1
consumer-fetch-manager-metrics:preferred-read-replica:{client-id=perf-consumer-client, topic=low-latency, partition=1} : -1
consumer-fetch-manager-metrics:records-consumed-rate:{client-id=perf-consumer-client, topic=low-latency}               : 10303.479
consumer-fetch-manager-metrics:records-consumed-rate:{client-id=perf-consumer-client}                                  : 10275.069
consumer-fetch-manager-metrics:records-consumed-total:{client-id=perf-consumer-client, topic=low-latency}              : 6000015.000
consumer-fetch-manager-metrics:records-consumed-total:{client-id=perf-consumer-client}                                 : 6000015.000
consumer-fetch-manager-metrics:records-lag-avg:{client-id=perf-consumer-client, topic=low-latency, partition=0}        : 1.501
consumer-fetch-manager-metrics:records-lag-avg:{client-id=perf-consumer-client, topic=low-latency, partition=1}        : 23.006
consumer-fetch-manager-metrics:records-lag-max:{client-id=perf-consumer-client, topic=low-latency, partition=0}        : 448.000
consumer-fetch-manager-metrics:records-lag-max:{client-id=perf-consumer-client, topic=low-latency, partition=1}        : 2435.000
consumer-fetch-manager-metrics:records-lag-max:{client-id=perf-consumer-client}                                        : 2435.000
consumer-fetch-manager-metrics:records-lag:{client-id=perf-consumer-client, topic=low-latency, partition=0}            : 0.000
consumer-fetch-manager-metrics:records-lag:{client-id=perf-consumer-client, topic=low-latency, partition=1}            : 0.000
consumer-fetch-manager-metrics:records-lead-avg:{client-id=perf-consumer-client, topic=low-latency, partition=0}       : 5961195.210
consumer-fetch-manager-metrics:records-lead-avg:{client-id=perf-consumer-client, topic=low-latency, partition=1}       : 6013009.808
consumer-fetch-manager-metrics:records-lead-min:{client-id=perf-consumer-client, topic=low-latency, partition=0}       : 5950420.000
consumer-fetch-manager-metrics:records-lead-min:{client-id=perf-consumer-client, topic=low-latency, partition=1}       : 6000049.000
consumer-fetch-manager-metrics:records-lead-min:{client-id=perf-consumer-client}                                       : 5142088.000
consumer-fetch-manager-metrics:records-lead:{client-id=perf-consumer-client, topic=low-latency, partition=0}           : 5973940.000
consumer-fetch-manager-metrics:records-lead:{client-id=perf-consumer-client, topic=low-latency, partition=1}           : 6026092.000
consumer-fetch-manager-metrics:records-per-request-avg:{client-id=perf-consumer-client, topic=low-latency}             : 18.422
consumer-fetch-manager-metrics:records-per-request-avg:{client-id=perf-consumer-client}                                : 18.421
kafka-metrics-count:count:{client-id=perf-consumer-client}                                                             : 68.000
