2025-08-09 12:40:16.641 | main | INFO | io.prometheus.jmx.JavaAgent | Starting ...
2025-08-09 12:40:16.887 | main | INFO | io.prometheus.jmx.JavaAgent | HTTP enabled [true]
2025-08-09 12:40:16.887 | main | INFO | io.prometheus.jmx.JavaAgent | HTTP host:port [0.0.0.0:8001]
2025-08-09 12:40:16.888 | main | INFO | io.prometheus.jmx.JavaAgent | Starting HTTPServer ...
2025-08-09 12:40:16.926 | main | INFO | io.prometheus.jmx.JavaAgent | HTTPServer started
2025-08-09 12:40:16.926 | main | INFO | io.prometheus.jmx.JavaAgent | OpenTelemetry enabled [false]
2025-08-09 12:40:16.926 | main | INFO | io.prometheus.jmx.JavaAgent | Running ...
time, threadId, data.consumed.in.MB, MB.sec, data.consumed.in.nMsg, nMsg.sec, rebalance.time.ms, fetch.time.ms, fetch.MB.sec, fetch.nMsg.sec
2025-08-09 12:40:24:478, 0, 0.0005, 0.0001, 1, 0.1459, 6716, 140, 0.0034, 7.1429
2025-08-09 12:40:29:478, 0, 56.2158, 11.2431, 117893, 23578.4000, 0, 5000, 11.2431, 23578.4000
2025-08-09 12:40:34:478, 0, 79.5560, 4.6680, 166841, 9789.6000, 0, 5000, 4.6680, 9789.6000
2025-08-09 12:40:39:478, 0, 103.3721, 4.7632, 216787, 9989.2000, 0, 5000, 4.7632, 9989.2000
2025-08-09 12:40:44:480, 0, 127.7628, 4.8762, 267938, 10226.1096, 0, 5002, 4.8762, 10226.1096
2025-08-09 12:40:49:480, 0, 151.4730, 4.7421, 317662, 9944.8000, 0, 5000, 4.7421, 9944.8000
2025-08-09 12:40:54:482, 0, 175.7159, 4.8466, 368503, 10164.1343, 0, 5002, 4.8466, 10164.1343
2025-08-09 12:40:59:484, 0, 199.1844, 4.6918, 417720, 9839.4642, 0, 5002, 4.6918, 9839.4642
2025-08-09 12:41:04:485, 0, 222.8675, 4.7357, 467387, 9931.4137, 0, 5001, 4.7357, 9931.4137
2025-08-09 12:41:09:486, 0, 246.7027, 4.7661, 517373, 9995.2010, 0, 5001, 4.7661, 9995.2010
2025-08-09 12:41:14:488, 0, 270.3767, 4.7329, 567021, 9925.6297, 0, 5002, 4.7329, 9925.6297
2025-08-09 12:41:19:488, 0, 294.3602, 4.7967, 617318, 10059.4000, 0, 5000, 4.7967, 10059.4000
2025-08-09 12:41:24:489, 0, 318.9673, 4.9205, 668923, 10318.9362, 0, 5001, 4.9205, 10318.9362
2025-08-09 12:41:29:489, 0, 343.1230, 4.8311, 719581, 10131.6000, 0, 5000, 4.8311, 10131.6000
2025-08-09 12:41:34:490, 0, 366.9858, 4.7716, 769625, 10006.7986, 0, 5001, 4.7716, 10006.7986
2025-08-09 12:41:39:490, 0, 390.3317, 4.6692, 818585, 9792.0000, 0, 5000, 4.6692, 9792.0000
2025-08-09 12:41:44:490, 0, 413.9986, 4.7334, 868218, 9926.6000, 0, 5000, 4.7334, 9926.6000
2025-08-09 12:41:49:490, 0, 438.2496, 4.8502, 919076, 10171.6000, 0, 5000, 4.8502, 10171.6000
2025-08-09 12:41:54:499, 0, 462.2931, 4.8001, 969499, 10066.4803, 0, 5009, 4.8001, 10066.4803
2025-08-09 12:41:59:499, 0, 486.6672, 4.8748, 1020615, 10223.2000, 0, 5000, 4.8748, 10223.2000
2025-08-09 12:42:04:499, 0, 510.6816, 4.8029, 1070977, 10072.4000, 0, 5000, 4.8029, 10072.4000
2025-08-09 12:42:09:499, 0, 534.6909, 4.8018, 1121328, 10070.2000, 0, 5000, 4.8018, 10070.2000
2025-08-09 12:42:14:502, 0, 558.8827, 4.8355, 1172062, 10140.7156, 0, 5003, 4.8355, 10140.7156
2025-08-09 12:42:19:505, 0, 582.9091, 4.8024, 1222449, 10071.3572, 0, 5003, 4.8024, 10071.3572
2025-08-09 12:42:24:505, 0, 607.3842, 4.8950, 1273777, 10265.6000, 0, 5000, 4.8950, 10265.6000
2025-08-09 12:42:29:513, 0, 631.1460, 4.7448, 1323609, 9950.4792, 0, 5008, 4.7448, 9950.4792
2025-08-09 12:42:34:513, 0, 655.5247, 4.8758, 1374735, 10225.2000, 0, 5000, 4.8758, 10225.2000
2025-08-09 12:42:39:518, 0, 679.7132, 4.8329, 1425462, 10135.2647, 0, 5005, 4.8329, 10135.2647
2025-08-09 12:42:44:522, 0, 703.7024, 4.7940, 1475771, 10053.7570, 0, 5004, 4.7940, 10053.7570
2025-08-09 12:42:49:523, 0, 727.6645, 4.7914, 1526023, 10048.3903, 0, 5001, 4.7914, 10048.3903
2025-08-09 12:42:54:523, 0, 752.0432, 4.8758, 1577149, 10225.2000, 0, 5000, 4.8758, 10225.2000
2025-08-09 12:42:59:523, 0, 776.0868, 4.8087, 1627572, 10084.6000, 0, 5000, 4.8087, 10084.6000
2025-08-09 12:43:04:523, 0, 800.3378, 4.8502, 1678430, 10171.6000, 0, 5000, 4.8502, 10171.6000
2025-08-09 12:43:09:523, 0, 824.8138, 4.8952, 1729760, 10266.0000, 0, 5000, 4.8952, 10266.0000
2025-08-09 12:43:14:523, 0, 848.8021, 4.7976, 1780067, 10061.4000, 0, 5000, 4.7976, 10061.4000
2025-08-09 12:43:19:524, 0, 872.9939, 4.8374, 1830801, 10144.7710, 0, 5001, 4.8374, 10144.7710
2025-08-09 12:43:24:524, 0, 897.2802, 4.8573, 1881733, 10186.4000, 0, 5000, 4.8573, 10186.4000
2025-08-09 12:43:29:524, 0, 921.2842, 4.8008, 1932073, 10068.0000, 0, 5000, 4.8008, 10068.0000
2025-08-09 12:43:34:528, 0, 944.5081, 4.6411, 1980777, 9733.0136, 0, 5004, 4.6411, 9733.0136
2025-08-09 12:43:39:531, 0, 968.7457, 4.8446, 2031607, 10159.9041, 0, 5003, 4.8446, 10159.9041
2025-08-09 12:43:44:531, 0, 992.4479, 4.7404, 2081314, 9941.4000, 0, 5000, 4.7404, 9941.4000
2025-08-09 12:43:49:533, 0, 1016.1457, 4.7377, 2131012, 9935.6257, 0, 5002, 4.7377, 9935.6257
2025-08-09 12:43:54:533, 0, 1039.9976, 4.7704, 2181033, 10004.2000, 0, 5000, 4.7704, 10004.2000
2025-08-09 12:43:59:538, 0, 1064.3153, 4.8587, 2232031, 10189.4106, 0, 5005, 4.8587, 10189.4106
2025-08-09 12:44:04:539, 0, 1088.7117, 4.8783, 2283194, 10230.5539, 0, 5001, 4.8783, 10230.5539
2025-08-09 12:44:09:539, 0, 1112.8364, 4.8249, 2333787, 10118.6000, 0, 5000, 4.8249, 10118.6000
2025-08-09 12:44:14:539, 0, 1136.2891, 4.6906, 2382971, 9836.8000, 0, 5000, 4.6906, 9836.8000
2025-08-09 12:44:19:540, 0, 1160.6226, 4.8657, 2434002, 10204.1592, 0, 5001, 4.8657, 10204.1592
2025-08-09 12:44:24:540, 0, 1184.1159, 4.6987, 2483271, 9853.8000, 0, 5000, 4.6987, 9853.8000
2025-08-09 12:44:29:541, 0, 1207.0575, 4.5874, 2531383, 9620.4759, 0, 5001, 4.5874, 9620.4759
2025-08-09 12:44:34:541, 0, 1230.3514, 4.6588, 2580234, 9770.2000, 0, 5000, 4.6588, 9770.2000
2025-08-09 12:44:39:543, 0, 1254.4103, 4.8098, 2630689, 10086.9652, 0, 5002, 4.8098, 10086.9652
2025-08-09 12:44:44:544, 0, 1279.2344, 4.9638, 2682749, 10409.9180, 0, 5001, 4.9638, 10409.9180
2025-08-09 12:44:49:544, 0, 1302.7949, 4.7121, 2732159, 9882.0000, 0, 5000, 4.7121, 9882.0000
2025-08-09 12:44:54:544, 0, 1325.7298, 4.5870, 2780257, 9619.6000, 0, 5000, 4.5870, 9619.6000
2025-08-09 12:44:59:544, 0, 1349.5512, 4.7643, 2830214, 9991.4000, 0, 5000, 4.7643, 9991.4000
2025-08-09 12:45:04:544, 0, 1373.3931, 4.7684, 2880214, 10000.0000, 0, 5000, 4.7684, 10000.0000
2025-08-09 12:45:09:544, 0, 1397.5239, 4.8262, 2930820, 10121.2000, 0, 5000, 4.8262, 10121.2000
2025-08-09 12:45:14:544, 0, 1421.3281, 4.7608, 2980741, 9984.2000, 0, 5000, 4.7608, 9984.2000
2025-08-09 12:45:19:544, 0, 1444.7470, 4.6838, 3029854, 9822.6000, 0, 5000, 4.6838, 9822.6000
2025-08-09 12:45:24:548, 0, 1469.0824, 4.8632, 3080889, 10198.8409, 0, 5004, 4.8632, 10198.8409
2025-08-09 12:45:29:548, 0, 1493.3267, 4.8489, 3131733, 10168.8000, 0, 5000, 4.8489, 10168.8000
2025-08-09 12:45:34:548, 0, 1516.9849, 4.7317, 3181348, 9923.0000, 0, 5000, 4.7317, 9923.0000
2025-08-09 12:45:39:548, 0, 1541.4963, 4.9023, 3232752, 10280.8000, 0, 5000, 4.9023, 10280.8000
2025-08-09 12:45:44:548, 0, 1565.4907, 4.7989, 3283072, 10064.0000, 0, 5000, 4.7989, 10064.0000
2025-08-09 12:45:49:548, 0, 1589.9973, 4.9013, 3334466, 10278.8000, 0, 5000, 4.9013, 10278.8000
2025-08-09 12:45:54:549, 0, 1613.8306, 4.7657, 3384448, 9994.4011, 0, 5001, 4.7657, 9994.4011
2025-08-09 12:45:59:550, 0, 1637.4946, 4.7319, 3434075, 9923.4153, 0, 5001, 4.7319, 9923.4153
2025-08-09 12:46:04:552, 0, 1661.7727, 4.8537, 3484990, 10178.9284, 0, 5002, 4.8537, 10178.9284
2025-08-09 12:46:09:571, 0, 1685.2589, 4.6794, 3534244, 9813.5087, 0, 5019, 4.6794, 9813.5087
2025-08-09 12:46:14:572, 0, 1709.1537, 4.7780, 3584355, 10020.1960, 0, 5001, 4.7780, 10020.1960
2025-08-09 12:46:19:572, 0, 1733.4733, 4.8639, 3635357, 10200.4000, 0, 5000, 4.8639, 10200.4000
2025-08-09 12:46:24:572, 0, 1757.8611, 4.8776, 3686502, 10229.0000, 0, 5000, 4.8776, 10229.0000
2025-08-09 12:46:29:579, 0, 1781.0497, 4.6312, 3735132, 9712.4026, 0, 5007, 4.6312, 9712.4026
2025-08-09 12:46:34:581, 0, 1805.5763, 4.9034, 3786568, 10283.0868, 0, 5002, 4.9034, 10283.0868
2025-08-09 12:46:39:581, 0, 1829.3071, 4.7462, 3836335, 9953.4000, 0, 5000, 4.7462, 9953.4000
2025-08-09 12:46:44:581, 0, 1853.1232, 4.7632, 3886281, 9989.2000, 0, 5000, 4.7632, 9989.2000
2025-08-09 12:46:49:581, 0, 1876.4372, 4.6628, 3935174, 9778.6000, 0, 5000, 4.6628, 9778.6000
2025-08-09 12:46:54:582, 0, 1900.3210, 4.7758, 3985262, 10015.5969, 0, 5001, 4.7758, 10015.5969
2025-08-09 12:46:59:582, 0, 1924.7613, 4.8881, 4036517, 10251.0000, 0, 5000, 4.8881, 10251.0000
2025-08-09 12:47:04:584, 0, 1948.6017, 4.7662, 4086514, 9995.4018, 0, 5002, 4.7662, 9995.4018
2025-08-09 12:47:09:584, 0, 1972.6171, 4.8031, 4136878, 10072.8000, 0, 5000, 4.8031, 10072.8000
2025-08-09 12:47:14:584, 0, 1997.3273, 4.9420, 4188699, 10364.2000, 0, 5000, 4.9420, 10364.2000
2025-08-09 12:47:19:584, 0, 2021.4987, 4.8343, 4239390, 10138.2000, 0, 5000, 4.8343, 10138.2000
2025-08-09 12:47:24:589, 0, 2045.8112, 4.8576, 4290377, 10187.2128, 0, 5005, 4.8576, 10187.2128
2025-08-09 12:47:29:590, 0, 2069.4318, 4.7232, 4339913, 9905.2190, 0, 5001, 4.7232, 9905.2190
2025-08-09 12:47:34:590, 0, 2093.6308, 4.8398, 4390662, 10149.8000, 0, 5000, 4.8398, 10149.8000
2025-08-09 12:47:39:591, 0, 2118.1493, 4.9027, 4442081, 10281.7437, 0, 5001, 4.9027, 10281.7437
2025-08-09 12:47:44:591, 0, 2142.7660, 4.9233, 4493706, 10325.0000, 0, 5000, 4.9233, 10325.0000
2025-08-09 12:47:49:591, 0, 2167.0680, 4.8604, 4544671, 10193.0000, 0, 5000, 4.8604, 10193.0000
2025-08-09 12:47:54:592, 0, 2190.7563, 4.7367, 4594349, 9933.6133, 0, 5001, 4.7367, 9933.6133
2025-08-09 12:47:59:593, 0, 2214.7164, 4.7911, 4644597, 10047.5905, 0, 5001, 4.7911, 10047.5905
2025-08-09 12:48:04:593, 0, 2238.2331, 4.7033, 4693915, 9863.6000, 0, 5000, 4.7033, 9863.6000
2025-08-09 12:48:09:594, 0, 2261.1017, 4.5728, 4741874, 9589.8820, 0, 5001, 4.5728, 9589.8820
2025-08-09 12:48:14:596, 0, 2285.2292, 4.8236, 4792473, 10115.7537, 0, 5002, 4.8236, 10115.7537
2025-08-09 12:48:19:596, 0, 2308.7883, 4.7118, 4841880, 9881.4000, 0, 5000, 4.7118, 9881.4000
2025-08-09 12:48:24:597, 0, 2332.2487, 4.6911, 4891080, 9838.0324, 0, 5001, 4.6911, 9838.0324
2025-08-09 12:48:29:597, 0, 2355.6857, 4.6874, 4940231, 9830.2000, 0, 5000, 4.6874, 9830.2000
2025-08-09 12:48:34:600, 0, 2380.9981, 5.0594, 4993315, 10610.4337, 0, 5003, 5.0594, 10610.4337
2025-08-09 12:48:39:600, 0, 2404.7213, 4.7446, 5043066, 9950.2000, 0, 5000, 4.7446, 9950.2000
2025-08-09 12:48:44:600, 0, 2429.2006, 4.8959, 5094403, 10267.4000, 0, 5000, 4.8959, 10267.4000
2025-08-09 12:48:49:600, 0, 2452.6844, 4.6968, 5143652, 9849.8000, 0, 5000, 4.6968, 9849.8000
2025-08-09 12:48:54:600, 0, 2476.7976, 4.8226, 5194221, 10113.8000, 0, 5000, 4.8226, 10113.8000
2025-08-09 12:48:59:600, 0, 2500.1936, 4.6792, 5243286, 9813.0000, 0, 5000, 4.6792, 9813.0000
2025-08-09 12:49:04:601, 0, 2523.7818, 4.7167, 5292754, 9891.6217, 0, 5001, 4.7167, 9891.6217
2025-08-09 12:49:09:603, 0, 2547.2388, 4.6895, 5341947, 9834.6661, 0, 5002, 4.6895, 9834.6661
2025-08-09 12:49:14:603, 0, 2571.1327, 4.7788, 5392056, 10021.8000, 0, 5000, 4.7788, 10021.8000
2025-08-09 12:49:19:603, 0, 2595.3956, 4.8526, 5442939, 10176.6000, 0, 5000, 4.8526, 10176.6000
2025-08-09 12:49:24:603, 0, 2619.2846, 4.7778, 5493038, 10019.8000, 0, 5000, 4.7778, 10019.8000
2025-08-09 12:49:29:603, 0, 2643.4488, 4.8328, 5543714, 10135.2000, 0, 5000, 4.8328, 10135.2000
2025-08-09 12:49:34:604, 0, 2667.8371, 4.8767, 5594860, 10227.1546, 0, 5001, 4.8767, 10227.1546
2025-08-09 12:49:39:605, 0, 2690.9065, 4.6130, 5643240, 9674.0652, 0, 5001, 4.6130, 9674.0652
2025-08-09 12:49:44:605, 0, 2714.9501, 4.8087, 5693663, 10084.6000, 0, 5000, 4.8087, 10084.6000
2025-08-09 12:49:49:605, 0, 2738.3122, 4.6724, 5742657, 9798.8000, 0, 5000, 4.6724, 9798.8000
2025-08-09 12:49:54:606, 0, 2762.3358, 4.8037, 5793038, 10074.1852, 0, 5001, 4.8037, 10074.1852
2025-08-09 12:49:59:606, 0, 2786.3874, 4.8103, 5843478, 10088.0000, 0, 5000, 4.8103, 10088.0000
2025-08-09 12:50:04:607, 0, 2811.1458, 4.9507, 5895400, 10382.3235, 0, 5001, 4.9507, 10382.3235
2025-08-09 12:50:09:607, 0, 2834.9118, 4.7532, 5945241, 9968.2000, 0, 5000, 4.7532, 9968.2000
2025-08-09 12:50:14:608, 0, 2858.2416, 4.6650, 5994167, 9783.2434, 0, 5001, 4.6650, 9783.2434

Metric Name                                                                                                              Value
consumer-coordinator-metrics:assigned-partitions:{client-id=perf-consumer-client}                                      : 0.000
consumer-coordinator-metrics:commit-latency-avg:{client-id=perf-consumer-client}                                       : 6.254
consumer-coordinator-metrics:commit-latency-max:{client-id=perf-consumer-client}                                       : 14.000
consumer-coordinator-metrics:commit-rate:{client-id=perf-consumer-client}                                              : 4.995
consumer-coordinator-metrics:commit-total:{client-id=perf-consumer-client}                                             : 2944.000
consumer-coordinator-metrics:failed-rebalance-rate-per-hour:{client-id=perf-consumer-client}                           : 0.000
consumer-coordinator-metrics:failed-rebalance-total:{client-id=perf-consumer-client}                                   : 2.000
consumer-coordinator-metrics:heartbeat-rate:{client-id=perf-consumer-client}                                           : 0.335
consumer-coordinator-metrics:heartbeat-response-time-max:{client-id=perf-consumer-client}                              : 1.000
consumer-coordinator-metrics:heartbeat-total:{client-id=perf-consumer-client}                                          : 196.000
consumer-coordinator-metrics:join-rate:{client-id=perf-consumer-client}                                                : 0.000
consumer-coordinator-metrics:join-time-avg:{client-id=perf-consumer-client}                                            : NaN
consumer-coordinator-metrics:join-time-max:{client-id=perf-consumer-client}                                            : NaN
consumer-coordinator-metrics:join-total:{client-id=perf-consumer-client}                                               : 1.000
consumer-coordinator-metrics:last-heartbeat-seconds-ago:{client-id=perf-consumer-client}                               : 2.000
consumer-coordinator-metrics:last-rebalance-seconds-ago:{client-id=perf-consumer-client}                               : 590.000
consumer-coordinator-metrics:partition-assigned-latency-avg:{client-id=perf-consumer-client}                           : NaN
consumer-coordinator-metrics:partition-assigned-latency-max:{client-id=perf-consumer-client}                           : NaN
consumer-coordinator-metrics:partition-lost-latency-avg:{client-id=perf-consumer-client}                               : NaN
consumer-coordinator-metrics:partition-lost-latency-max:{client-id=perf-consumer-client}                               : NaN
consumer-coordinator-metrics:partition-revoked-latency-avg:{client-id=perf-consumer-client}                            : 0.000
consumer-coordinator-metrics:partition-revoked-latency-max:{client-id=perf-consumer-client}                            : 0.000
consumer-coordinator-metrics:rebalance-latency-avg:{client-id=perf-consumer-client}                                    : NaN
consumer-coordinator-metrics:rebalance-latency-max:{client-id=perf-consumer-client}                                    : NaN
consumer-coordinator-metrics:rebalance-latency-total:{client-id=perf-consumer-client}                                  : 6242.000
consumer-coordinator-metrics:rebalance-rate-per-hour:{client-id=perf-consumer-client}                                  : 0.000
consumer-coordinator-metrics:rebalance-total:{client-id=perf-consumer-client}                                          : 1.000
consumer-coordinator-metrics:sync-rate:{client-id=perf-consumer-client}                                                : 0.000
consumer-coordinator-metrics:sync-time-avg:{client-id=perf-consumer-client}                                            : NaN
consumer-coordinator-metrics:sync-time-max:{client-id=perf-consumer-client}                                            : NaN
consumer-coordinator-metrics:sync-total:{client-id=perf-consumer-client}                                               : 1.000
consumer-fetch-manager-metrics:bytes-consumed-rate:{client-id=perf-consumer-client, topic=low-latency}                 : 5087785.805
consumer-fetch-manager-metrics:bytes-consumed-rate:{client-id=perf-consumer-client}                                    : 5092875.938
consumer-fetch-manager-metrics:bytes-consumed-total:{client-id=perf-consumer-client, topic=low-latency}                : 3054008653.000
consumer-fetch-manager-metrics:bytes-consumed-total:{client-id=perf-consumer-client}                                   : 3054008653.000
consumer-fetch-manager-metrics:fetch-latency-avg:{client-id=perf-consumer-client}                                      : 1.577
consumer-fetch-manager-metrics:fetch-latency-max:{client-id=perf-consumer-client}                                      : 68.000
consumer-fetch-manager-metrics:fetch-rate:{client-id=perf-consumer-client}                                             : 591.759
consumer-fetch-manager-metrics:fetch-size-avg:{client-id=perf-consumer-client, topic=low-latency}                      : 9403.378
consumer-fetch-manager-metrics:fetch-size-avg:{client-id=perf-consumer-client}                                         : 9403.378
consumer-fetch-manager-metrics:fetch-size-max:{client-id=perf-consumer-client, topic=low-latency}                      : 363426.000
consumer-fetch-manager-metrics:fetch-size-max:{client-id=perf-consumer-client}                                         : 363426.000
consumer-fetch-manager-metrics:fetch-throttle-time-avg:{client-id=perf-consumer-client}                                : 0.000
consumer-fetch-manager-metrics:fetch-throttle-time-max:{client-id=perf-consumer-client}                                : 0.000
consumer-fetch-manager-metrics:fetch-total:{client-id=perf-consumer-client}                                            : 365686.000
consumer-fetch-manager-metrics:preferred-read-replica:{client-id=perf-consumer-client, topic=low-latency, partition=1} : -1
consumer-fetch-manager-metrics:records-consumed-rate:{client-id=perf-consumer-client, topic=low-latency}               : 9995.650
consumer-fetch-manager-metrics:records-consumed-rate:{client-id=perf-consumer-client}                                  : 10005.650
consumer-fetch-manager-metrics:records-consumed-total:{client-id=perf-consumer-client, topic=low-latency}              : 6000017.000
consumer-fetch-manager-metrics:records-consumed-total:{client-id=perf-consumer-client}                                 : 6000017.000
consumer-fetch-manager-metrics:records-lag-avg:{client-id=perf-consumer-client, topic=low-latency, partition=1}        : 1.074
consumer-fetch-manager-metrics:records-lag-max:{client-id=perf-consumer-client, topic=low-latency, partition=1}        : 614.000
consumer-fetch-manager-metrics:records-lag-max:{client-id=perf-consumer-client}                                        : 614.000
consumer-fetch-manager-metrics:records-lag:{client-id=perf-consumer-client, topic=low-latency, partition=1}            : 0.000
consumer-fetch-manager-metrics:records-lead-avg:{client-id=perf-consumer-client, topic=low-latency, partition=1}       : 5595473.830
consumer-fetch-manager-metrics:records-lead-min:{client-id=perf-consumer-client, topic=low-latency, partition=1}       : 5193493.000
consumer-fetch-manager-metrics:records-lead-min:{client-id=perf-consumer-client}                                       : 5193457.000
consumer-fetch-manager-metrics:records-lead:{client-id=perf-consumer-client, topic=low-latency, partition=1}           : 6000017.000
consumer-fetch-manager-metrics:records-per-request-avg:{client-id=perf-consumer-client, topic=low-latency}             : 18.474
consumer-fetch-manager-metrics:records-per-request-avg:{client-id=perf-consumer-client}                                : 18.474
kafka-metrics-count:count:{client-id=perf-consumer-client}                                                             : 61.000
